<?xml version="1.0" encoding="UTF-8"?>
<testsuite xmlns:xsi="http://www.w3.org/2001/XMLSchema-instance" xsi:noNamespaceSchemaLocation="https://maven.apache.org/surefire/maven-surefire-plugin/xsd/surefire-test-report-3.0.xsd" version="3.0" name="com.project_2cs.project_2cs.Project2CsApplicationTests" time="7.157" tests="1" errors="0" skipped="0" failures="0">
  <properties>
[...]
</properties>
  <testcase name="contextLoads" classname="com.project_2cs.project_2cs.Project2CsApplicationTests" time="0.461">
    <system-out><![CDATA[17:39:10.182 [main] INFO org.springframework.test.context.support.AnnotationConfigContextLoaderUtils -- Could not detect default configuration classes for test class [com.project_2cs.project_2cs.Project2CsApplicationTests]: Project2CsApplicationTests does not declare any static, non-private, non-final, nested classes annotated with @Configuration.
17:39:10.260 [main] INFO org.springframework.boot.test.context.SpringBootTestContextBootstrapper -- Found @SpringBootConfiguration com.project_2cs.project_2cs.Project2CsApplication for test class com.project_2cs.project_2cs.Project2CsApplicationTests

  .   ____          _            __ _ _
 /\\ / ___'_ __ _ _(_)_ __  __ _ \ \ \ \
( ( )\___ | '_ | '_| | '_ \/ _` | \ \ \ \
 \\/  ___)| |_)| | | | | || (_| |  ) ) ) )
  '  |____| .__|_| |_|_| |_\__, | / / / /
 =========|_|==============|___/=/_/_/_/
 :: Spring Boot ::                (v3.2.5)

2024-05-23T17:39:10.701+01:00  INFO 29520 --- [Project_2CS] [           main] c.p.p.Project2CsApplicationTests         : Starting Project2CsApplicationTests using Java 17.0.10 with PID 29520 (started by skyma in C:\Users\skyma\Desktop\Project_2CS)
2024-05-23T17:39:10.702+01:00  INFO 29520 --- [Project_2CS] [           main] c.p.p.Project2CsApplicationTests         : No active profile set, falling back to 1 default profile: "default"
2024-05-23T17:39:11.416+01:00  INFO 29520 --- [Project_2CS] [           main] .s.d.r.c.RepositoryConfigurationDelegate : Bootstrapping Spring Data JPA repositories in DEFAULT mode.
2024-05-23T17:39:11.447+01:00  INFO 29520 --- [Project_2CS] [           main] .s.d.r.c.RepositoryConfigurationDelegate : Finished Spring Data repository scanning in 14 ms. Found 0 JPA repository interfaces.
2024-05-23T17:39:11.809+01:00  INFO 29520 --- [Project_2CS] [           main] o.s.cloud.context.scope.GenericScope     : BeanFactory id=c0e248ad-75ac-3b04-9683-1c81e05ea417
2024-05-23T17:39:12.276+01:00  WARN 29520 --- [Project_2CS] [           main] trationDelegate$BeanPostProcessorChecker : Bean 'org.springframework.cloud.client.loadbalancer.LoadBalancerAutoConfiguration$DeferringLoadBalancerInterceptorConfig' of type [org.springframework.cloud.client.loadbalancer.LoadBalancerAutoConfiguration$DeferringLoadBalancerInterceptorConfig] is not eligible for getting processed by all BeanPostProcessors (for example: not eligible for auto-proxying). The currently created BeanPostProcessor [lbRestClientPostProcessor] is declared through a non-static factory method on that class; consider declaring it as static instead.
2024-05-23T17:39:12.280+01:00  WARN 29520 --- [Project_2CS] [           main] trationDelegate$BeanPostProcessorChecker : Bean 'deferringLoadBalancerInterceptor' of type [org.springframework.cloud.client.loadbalancer.DeferringLoadBalancerInterceptor] is not eligible for getting processed by all BeanPostProcessors (for example: not eligible for auto-proxying). Is this bean getting eagerly injected into a currently created BeanPostProcessor [lbRestClientPostProcessor]? Check the corresponding BeanPostProcessor declaration and its dependencies.
2024-05-23T17:39:12.485+01:00  INFO 29520 --- [Project_2CS] [           main] o.hibernate.jpa.internal.util.LogHelper  : HHH000204: Processing PersistenceUnitInfo [name: default]
2024-05-23T17:39:12.578+01:00  INFO 29520 --- [Project_2CS] [           main] org.hibernate.Version                    : HHH000412: Hibernate ORM core version 6.4.4.Final
2024-05-23T17:39:12.649+01:00  INFO 29520 --- [Project_2CS] [           main] o.h.c.internal.RegionFactoryInitiator    : HHH000026: Second-level cache disabled
2024-05-23T17:39:12.920+01:00  INFO 29520 --- [Project_2CS] [           main] o.s.o.j.p.SpringPersistenceUnitInfo      : No LoadTimeWeaver setup: ignoring JPA class transformer
2024-05-23T17:39:12.943+01:00  INFO 29520 --- [Project_2CS] [           main] com.zaxxer.hikari.HikariDataSource       : HikariPool-1 - Starting...
2024-05-23T17:39:13.073+01:00  INFO 29520 --- [Project_2CS] [           main] com.zaxxer.hikari.pool.HikariPool        : HikariPool-1 - Added connection com.mysql.cj.jdbc.ConnectionImpl@141dfcf9
2024-05-23T17:39:13.075+01:00  INFO 29520 --- [Project_2CS] [           main] com.zaxxer.hikari.HikariDataSource       : HikariPool-1 - Start completed.
2024-05-23T17:39:13.108+01:00  WARN 29520 --- [Project_2CS] [           main] org.hibernate.dialect.Dialect            : HHH000511: The 5.5.0 version for [org.hibernate.dialect.MySQLDialect] is no longer supported, hence certain features may not work properly. The minimum supported version is 8.0.0. Check the community dialects project for available legacy versions.
2024-05-23T17:39:13.323+01:00  INFO 29520 --- [Project_2CS] [           main] o.h.e.t.j.p.i.JtaPlatformInitiator       : HHH000489: No JTA platform available (set 'hibernate.transaction.jta.platform' to enable JTA platform integration)
2024-05-23T17:39:13.327+01:00  INFO 29520 --- [Project_2CS] [           main] j.LocalContainerEntityManagerFactoryBean : Initialized JPA EntityManagerFactory for persistence unit 'default'
2024-05-23T17:39:13.651+01:00  WARN 29520 --- [Project_2CS] [           main] JpaBaseConfiguration$JpaWebConfiguration : spring.jpa.open-in-view is enabled by default. Therefore, database queries may be performed during view rendering. Explicitly configure spring.jpa.open-in-view to disable this warning
2024-05-23T17:39:16.584+01:00  WARN 29520 --- [Project_2CS] [           main] iguration$LoadBalancerCaffeineWarnLogger : Spring Cloud LoadBalancer is currently working with the default cache. While this cache implementation is useful for development and tests, it's recommended to use Caffeine cache in production.You can switch to using Caffeine cache, by adding it and org.springframework.cache.caffeine.CaffeineCacheManager to the classpath.
2024-05-23T17:39:16.695+01:00  INFO 29520 --- [Project_2CS] [           main] c.p.p.Project2CsApplicationTests         : Started Project2CsApplicationTests in 6.302 seconds (process running for 7.176)
]]></system-out>
  </testcase>
</testsuite>